.\VirtuaNES.ilk
.\VirtuaNES.pdb
D:\DOC\WIN32\SELF-PRACTICE\VIRTUANESSRC097\RELEASE\ABOUTDLG.OBJ
D:\DOC\WIN32\SELF-PRACTICE\VIRTUANESSRC097\RELEASE\APP.OBJ
D:\DOC\WIN32\SELF-PRACTICE\VIRTUANESSRC097\RELEASE\APU.OBJ
D:\DOC\WIN32\SELF-PRACTICE\VIRTUANESSRC097\RELEASE\APU_FDS.OBJ
D:\DOC\WIN32\SELF-PRACTICE\VIRTUANESSRC097\RELEASE\APU_FME7.OBJ
D:\DOC\WIN32\SELF-PRACTICE\VIRTUANESSRC097\RELEASE\APU_INTERNAL.OBJ
D:\DOC\WIN32\SELF-PRACTICE\VIRTUANESSRC097\RELEASE\APU_MMC5.OBJ
D:\DOC\WIN32\SELF-PRACTICE\VIRTUANESSRC097\RELEASE\APU_N106.OBJ
D:\DOC\WIN32\SELF-PRACTICE\VIRTUANESSRC097\RELEASE\APU_VRC6.OBJ
D:\DOC\WIN32\SELF-PRACTICE\VIRTUANESSRC097\RELEASE\APU_VRC7.OBJ
D:\DOC\WIN32\SELF-PRACTICE\VIRTUANESSRC097\RELEASE\ARCHIVE.OBJ
D:\DOC\WIN32\SELF-PRACTICE\VIRTUANESSRC097\RELEASE\AVICONVDLG.OBJ
D:\DOC\WIN32\SELF-PRACTICE\VIRTUANESSRC097\RELEASE\AVIWRITER.OBJ
D:\DOC\WIN32\SELF-PRACTICE\VIRTUANESSRC097\RELEASE\CHATDLG.OBJ
D:\DOC\WIN32\SELF-PRACTICE\VIRTUANESSRC097\RELEASE\CHEATDLG.OBJ
D:\DOC\WIN32\SELF-PRACTICE\VIRTUANESSRC097\RELEASE\COM.OBJ
D:\DOC\WIN32\SELF-PRACTICE\VIRTUANESSRC097\RELEASE\CONFIG.OBJ
D:\DOC\WIN32\SELF-PRACTICE\VIRTUANESSRC097\RELEASE\CONTROLLERDLG.OBJ
D:\DOC\WIN32\SELF-PRACTICE\VIRTUANESSRC097\RELEASE\CPU.OBJ
D:\DOC\WIN32\SELF-PRACTICE\VIRTUANESSRC097\RELEASE\CRCLIB.OBJ
D:\DOC\WIN32\SELF-PRACTICE\VIRTUANESSRC097\RELEASE\DATACHBARCODEDLG.OBJ
D:\DOC\WIN32\SELF-PRACTICE\VIRTUANESSRC097\RELEASE\DEBUGOUT.OBJ
D:\DOC\WIN32\SELF-PRACTICE\VIRTUANESSRC097\RELEASE\DIPSWITCHDLG.OBJ
D:\DOC\WIN32\SELF-PRACTICE\VIRTUANESSRC097\RELEASE\DIRECTDRAW.OBJ
D:\DOC\WIN32\SELF-PRACTICE\VIRTUANESSRC097\RELEASE\DIRECTINPUT.OBJ
D:\DOC\WIN32\SELF-PRACTICE\VIRTUANESSRC097\RELEASE\DIRECTSOUND.OBJ
D:\DOC\WIN32\SELF-PRACTICE\VIRTUANESSRC097\RELEASE\EMU2413.OBJ
D:\DOC\WIN32\SELF-PRACTICE\VIRTUANESSRC097\RELEASE\EMULATORDLG.OBJ
D:\DOC\WIN32\SELF-PRACTICE\VIRTUANESSRC097\RELEASE\EMUTHREAD.OBJ
D:\DOC\WIN32\SELF-PRACTICE\VIRTUANESSRC097\RELEASE\FOLDERDLG.OBJ
D:\DOC\WIN32\SELF-PRACTICE\VIRTUANESSRC097\RELEASE\GAMEOPTIONDLG.OBJ
D:\DOC\WIN32\SELF-PRACTICE\VIRTUANESSRC097\RELEASE\GRAPHICSDLG.OBJ
D:\DOC\WIN32\SELF-PRACTICE\VIRTUANESSRC097\RELEASE\IPS.OBJ
D:\DOC\WIN32\SELF-PRACTICE\VIRTUANESSRC097\RELEASE\JOYAXISDLG.OBJ
D:\DOC\WIN32\SELF-PRACTICE\VIRTUANESSRC097\RELEASE\LANGUAGEDLG.OBJ
D:\DOC\WIN32\SELF-PRACTICE\VIRTUANESSRC097\RELEASE\LAUNCHERDLG.OBJ
D:\DOC\WIN32\SELF-PRACTICE\VIRTUANESSRC097\RELEASE\MAINFRAME.OBJ
D:\DOC\WIN32\SELF-PRACTICE\VIRTUANESSRC097\RELEASE\MAPPER.OBJ
D:\DOC\WIN32\SELF-PRACTICE\VIRTUANESSRC097\RELEASE\MAPPERFACTORY.OBJ
D:\DOC\WIN32\SELF-PRACTICE\VIRTUANESSRC097\RELEASE\MEMORYVIEW.OBJ
D:\DOC\WIN32\SELF-PRACTICE\VIRTUANESSRC097\RELEASE\MMTIMER.OBJ
D:\DOC\WIN32\SELF-PRACTICE\VIRTUANESSRC097\RELEASE\MMU.OBJ
D:\DOC\WIN32\SELF-PRACTICE\VIRTUANESSRC097\RELEASE\MOVIEDLG.OBJ
D:\DOC\WIN32\SELF-PRACTICE\VIRTUANESSRC097\RELEASE\MOVIEINFODLG.OBJ
D:\DOC\WIN32\SELF-PRACTICE\VIRTUANESSRC097\RELEASE\NAMETABLEVIEW.OBJ
D:\DOC\WIN32\SELF-PRACTICE\VIRTUANESSRC097\RELEASE\NES.OBJ
D:\DOC\WIN32\SELF-PRACTICE\VIRTUANESSRC097\RELEASE\NETPLAY.OBJ
D:\DOC\WIN32\SELF-PRACTICE\VIRTUANESSRC097\RELEASE\NETPLAYDLG.OBJ
D:\DOC\WIN32\SELF-PRACTICE\VIRTUANESSRC097\RELEASE\PAD.OBJ
D:\DOC\WIN32\SELF-PRACTICE\VIRTUANESSRC097\RELEASE\PALETTEEDIT.OBJ
D:\DOC\WIN32\SELF-PRACTICE\VIRTUANESSRC097\RELEASE\PALETTEVIEW.OBJ
D:\DOC\WIN32\SELF-PRACTICE\VIRTUANESSRC097\RELEASE\PATHLIB.OBJ
D:\DOC\WIN32\SELF-PRACTICE\VIRTUANESSRC097\RELEASE\PATTERNVIEW.OBJ
D:\DOC\WIN32\SELF-PRACTICE\VIRTUANESSRC097\RELEASE\PLUGIN.OBJ
D:\DOC\WIN32\SELF-PRACTICE\VIRTUANESSRC097\RELEASE\PPU.OBJ
D:\DOC\WIN32\SELF-PRACTICE\VIRTUANESSRC097\RELEASE\RECENT.OBJ
D:\DOC\WIN32\SELF-PRACTICE\VIRTUANESSRC097\RELEASE\REGISTRY.OBJ
D:\DOC\WIN32\SELF-PRACTICE\VIRTUANESSRC097\RELEASE\ROM.OBJ
D:\DOC\WIN32\SELF-PRACTICE\VIRTUANESSRC097\RELEASE\ROMDB.OBJ
D:\DOC\WIN32\SELF-PRACTICE\VIRTUANESSRC097\RELEASE\ROMINFODLG.OBJ
D:\DOC\WIN32\SELF-PRACTICE\VIRTUANESSRC097\RELEASE\SHORTCUTDLG.OBJ
D:\DOC\WIN32\SELF-PRACTICE\VIRTUANESSRC097\RELEASE\SIMPLEVIRUSCHECKER.OBJ
D:\DOC\WIN32\SELF-PRACTICE\VIRTUANESSRC097\RELEASE\SOUNDDLG.OBJ
D:\DOC\WIN32\SELF-PRACTICE\VIRTUANESSRC097\RELEASE\UNZIP.OBJ
D:\DOC\WIN32\SELF-PRACTICE\VIRTUANESSRC097\RELEASE\VC100.PDB
D:\DOC\WIN32\SELF-PRACTICE\VIRTUANESSRC097\RELEASE\VIRTUANES.EXE.INTERMEDIATE.MANIFEST
D:\DOC\WIN32\SELF-PRACTICE\VIRTUANESSRC097\RELEASE\VIRTUANES.RES
D:\DOC\WIN32\SELF-PRACTICE\VIRTUANESSRC097\RELEASE\VSUNISYSTEM.OBJ
D:\DOC\WIN32\SELF-PRACTICE\VIRTUANESSRC097\RELEASE\WAVEREC.OBJ
D:\DOC\WIN32\SELF-PRACTICE\VIRTUANESSRC097\RELEASE\WINMAIN.OBJ
D:\DOC\WIN32\SELF-PRACTICE\VIRTUANESSRC097\RELEASE\WND.OBJ
D:\DOC\WIN32\SELF-PRACTICE\VIRTUANESSRC097\RELEASE\WNDHOOK.OBJ
D:\DOC\WIN32\SELF-PRACTICE\VIRTUANESSRC097\VIRTUANES.EXE
D:\doc\Win32\开源项目\virtuanessrc097_VS2010\.\VirtuaNES.exe
D:\doc\Win32\开源项目\virtuanessrc097_VS2010\Release\AboutDlg.obj
D:\doc\Win32\开源项目\virtuanessrc097_VS2010\Release\App.obj
D:\doc\Win32\开源项目\virtuanessrc097_VS2010\Release\APU.obj
D:\doc\Win32\开源项目\virtuanessrc097_VS2010\Release\APU_FDS.obj
D:\doc\Win32\开源项目\virtuanessrc097_VS2010\Release\APU_FME7.obj
D:\doc\Win32\开源项目\virtuanessrc097_VS2010\Release\APU_INTERNAL.obj
D:\doc\Win32\开源项目\virtuanessrc097_VS2010\Release\APU_MMC5.obj
D:\doc\Win32\开源项目\virtuanessrc097_VS2010\Release\APU_N106.obj
D:\doc\Win32\开源项目\virtuanessrc097_VS2010\Release\APU_VRC6.obj
D:\doc\Win32\开源项目\virtuanessrc097_VS2010\Release\APU_VRC7.obj
D:\doc\Win32\开源项目\virtuanessrc097_VS2010\Release\Archive.obj
D:\doc\Win32\开源项目\virtuanessrc097_VS2010\Release\AviConvDlg.obj
D:\doc\Win32\开源项目\virtuanessrc097_VS2010\Release\AviWriter.obj
D:\doc\Win32\开源项目\virtuanessrc097_VS2010\Release\ChatDlg.obj
D:\doc\Win32\开源项目\virtuanessrc097_VS2010\Release\CheatDlg.obj
D:\doc\Win32\开源项目\virtuanessrc097_VS2010\Release\cl.command.1.tlog
D:\doc\Win32\开源项目\virtuanessrc097_VS2010\Release\CL.read.1.tlog
D:\doc\Win32\开源项目\virtuanessrc097_VS2010\Release\CL.write.1.tlog
D:\doc\Win32\开源项目\virtuanessrc097_VS2010\Release\Com.obj
D:\doc\Win32\开源项目\virtuanessrc097_VS2010\Release\Config.obj
D:\doc\Win32\开源项目\virtuanessrc097_VS2010\Release\ControllerDlg.obj
D:\doc\Win32\开源项目\virtuanessrc097_VS2010\Release\Cpu.obj
D:\doc\Win32\开源项目\virtuanessrc097_VS2010\Release\Crclib.obj
D:\doc\Win32\开源项目\virtuanessrc097_VS2010\Release\DatachBarcodeDlg.obj
D:\doc\Win32\开源项目\virtuanessrc097_VS2010\Release\DebugOut.obj
D:\doc\Win32\开源项目\virtuanessrc097_VS2010\Release\DipSwitchDlg.obj
D:\doc\Win32\开源项目\virtuanessrc097_VS2010\Release\DirectDraw.obj
D:\doc\Win32\开源项目\virtuanessrc097_VS2010\Release\DirectInput.obj
D:\doc\Win32\开源项目\virtuanessrc097_VS2010\Release\DirectSound.obj
D:\doc\Win32\开源项目\virtuanessrc097_VS2010\Release\emu2413.obj
D:\doc\Win32\开源项目\virtuanessrc097_VS2010\Release\EmulatorDlg.obj
D:\doc\Win32\开源项目\virtuanessrc097_VS2010\Release\EmuThread.obj
D:\doc\Win32\开源项目\virtuanessrc097_VS2010\Release\FolderDlg.obj
D:\doc\Win32\开源项目\virtuanessrc097_VS2010\Release\GameOptionDlg.obj
D:\doc\Win32\开源项目\virtuanessrc097_VS2010\Release\GraphicsDlg.obj
D:\doc\Win32\开源项目\virtuanessrc097_VS2010\Release\IPS.obj
D:\doc\Win32\开源项目\virtuanessrc097_VS2010\Release\JoyAxisDlg.obj
D:\doc\Win32\开源项目\virtuanessrc097_VS2010\Release\LanguageDlg.obj
D:\doc\Win32\开源项目\virtuanessrc097_VS2010\Release\LauncherDlg.obj
D:\doc\Win32\开源项目\virtuanessrc097_VS2010\Release\link.command.1.tlog
D:\doc\Win32\开源项目\virtuanessrc097_VS2010\Release\link.read.1.tlog
D:\doc\Win32\开源项目\virtuanessrc097_VS2010\Release\link.write.1.tlog
D:\doc\Win32\开源项目\virtuanessrc097_VS2010\Release\link-cvtres.read.1.tlog
D:\doc\Win32\开源项目\virtuanessrc097_VS2010\Release\link-cvtres.write.1.tlog
D:\doc\Win32\开源项目\virtuanessrc097_VS2010\Release\MainFrame.obj
D:\doc\Win32\开源项目\virtuanessrc097_VS2010\Release\Mapper.obj
D:\doc\Win32\开源项目\virtuanessrc097_VS2010\Release\MapperFactory.obj
D:\doc\Win32\开源项目\virtuanessrc097_VS2010\Release\MemoryView.obj
D:\doc\Win32\开源项目\virtuanessrc097_VS2010\Release\MMTimer.obj
D:\doc\Win32\开源项目\virtuanessrc097_VS2010\Release\MMU.obj
D:\doc\Win32\开源项目\virtuanessrc097_VS2010\Release\MovieDlg.obj
D:\doc\Win32\开源项目\virtuanessrc097_VS2010\Release\MovieInfoDlg.obj
D:\doc\Win32\开源项目\virtuanessrc097_VS2010\Release\mt.command.1.tlog
D:\doc\Win32\开源项目\virtuanessrc097_VS2010\Release\mt.read.1.tlog
D:\doc\Win32\开源项目\virtuanessrc097_VS2010\Release\mt.write.1.tlog
D:\doc\Win32\开源项目\virtuanessrc097_VS2010\Release\NameTableView.obj
D:\doc\Win32\开源项目\virtuanessrc097_VS2010\Release\Nes.obj
D:\doc\Win32\开源项目\virtuanessrc097_VS2010\Release\NetPlay.obj
D:\doc\Win32\开源项目\virtuanessrc097_VS2010\Release\NetPlayDlg.obj
D:\doc\Win32\开源项目\virtuanessrc097_VS2010\Release\PAD.obj
D:\doc\Win32\开源项目\virtuanessrc097_VS2010\Release\PaletteEdit.obj
D:\doc\Win32\开源项目\virtuanessrc097_VS2010\Release\PaletteView.obj
D:\doc\Win32\开源项目\virtuanessrc097_VS2010\Release\Pathlib.obj
D:\doc\Win32\开源项目\virtuanessrc097_VS2010\Release\PatternView.obj
D:\doc\Win32\开源项目\virtuanessrc097_VS2010\Release\Plugin.obj
D:\doc\Win32\开源项目\virtuanessrc097_VS2010\Release\PPU.obj
D:\doc\Win32\开源项目\virtuanessrc097_VS2010\Release\rc.command.1.tlog
D:\doc\Win32\开源项目\virtuanessrc097_VS2010\Release\rc.read.1.tlog
D:\doc\Win32\开源项目\virtuanessrc097_VS2010\Release\rc.write.1.tlog
D:\doc\Win32\开源项目\virtuanessrc097_VS2010\Release\Recent.obj
D:\doc\Win32\开源项目\virtuanessrc097_VS2010\Release\Registry.obj
D:\doc\Win32\开源项目\virtuanessrc097_VS2010\Release\ROM.obj
D:\doc\Win32\开源项目\virtuanessrc097_VS2010\Release\ROMDB.obj
D:\doc\Win32\开源项目\virtuanessrc097_VS2010\Release\RomInfoDlg.obj
D:\doc\Win32\开源项目\virtuanessrc097_VS2010\Release\ShortcutDlg.obj
D:\doc\Win32\开源项目\virtuanessrc097_VS2010\Release\SimpleVirusChecker.obj
D:\doc\Win32\开源项目\virtuanessrc097_VS2010\Release\SoundDlg.obj
D:\doc\Win32\开源项目\virtuanessrc097_VS2010\Release\unzip.obj
D:\doc\Win32\开源项目\virtuanessrc097_VS2010\Release\vc100.pdb
D:\doc\Win32\开源项目\virtuanessrc097_VS2010\Release\VirtuaNES.exe.intermediate.manifest
D:\doc\Win32\开源项目\virtuanessrc097_VS2010\Release\VirtuaNES.res
D:\doc\Win32\开源项目\virtuanessrc097_VS2010\Release\VirtuaNES.write.1.tlog
D:\doc\Win32\开源项目\virtuanessrc097_VS2010\Release\VsUnisystem.obj
D:\doc\Win32\开源项目\virtuanessrc097_VS2010\Release\WaveRec.obj
D:\doc\Win32\开源项目\virtuanessrc097_VS2010\Release\WinMain.obj
D:\doc\Win32\开源项目\virtuanessrc097_VS2010\Release\Wnd.obj
D:\doc\Win32\开源项目\virtuanessrc097_VS2010\Release\WndHook.obj
