生成启动时间为 2024/2/16 19:20:30。
     1>项目“D:\doc\Win32\开源项目\virtuanessrc097_VS2010\VirtuaNES.vcxproj”在节点 2 上(build 个目标)。
     1>InitializeBuildStatus:
         正在创建“.\Debug\VirtuaNES.unsuccessfulbuild”，因为已指定“AlwaysCreate”。
       ClCompile:
         所有输出均为最新。
         所有输出均为最新。
       ResourceCompile:
         所有输出均为最新。
       ManifestResourceCompile:
         所有输出均为最新。
       Link:
         所有输出均为最新。
       Manifest:
         所有输出均为最新。
         所有输出均为最新。
       FinalizeBuildStatus:
         正在删除文件“.\Debug\VirtuaNES.unsuccessfulbuild”。
         正在对“.\Debug\VirtuaNES.lastbuildstate”执行 Touch 任务。
     1>已完成生成项目“D:\doc\Win32\开源项目\virtuanessrc097_VS2010\VirtuaNES.vcxproj”(build 个目标)的操作。

生成成功。

已用时间 00:00:00.11
