D:\DOC\WIN32\SELF-PRACTICE\VIRTUANESSRC097\DEBUG\ABOUTDLG.OBJ
D:\DOC\WIN32\SELF-PRACTICE\VIRTUANESSRC097\DEBUG\APP.OBJ
D:\DOC\WIN32\SELF-PRACTICE\VIRTUANESSRC097\DEBUG\APU.OBJ
D:\DOC\WIN32\SELF-PRACTICE\VIRTUANESSRC097\DEBUG\APU_FDS.OBJ
D:\DOC\WIN32\SELF-PRACTICE\VIRTUANESSRC097\DEBUG\APU_FME7.OBJ
D:\DOC\WIN32\SELF-PRACTICE\VIRTUANESSRC097\DEBUG\APU_INTERNAL.OBJ
D:\DOC\WIN32\SELF-PRACTICE\VIRTUANESSRC097\DEBUG\APU_MMC5.OBJ
D:\DOC\WIN32\SELF-PRACTICE\VIRTUANESSRC097\DEBUG\APU_N106.OBJ
D:\DOC\WIN32\SELF-PRACTICE\VIRTUANESSRC097\DEBUG\APU_VRC6.OBJ
D:\DOC\WIN32\SELF-PRACTICE\VIRTUANESSRC097\DEBUG\APU_VRC7.OBJ
D:\DOC\WIN32\SELF-PRACTICE\VIRTUANESSRC097\DEBUG\ARCHIVE.OBJ
D:\DOC\WIN32\SELF-PRACTICE\VIRTUANESSRC097\DEBUG\AVICONVDLG.OBJ
D:\DOC\WIN32\SELF-PRACTICE\VIRTUANESSRC097\DEBUG\AVIWRITER.OBJ
D:\DOC\WIN32\SELF-PRACTICE\VIRTUANESSRC097\DEBUG\CHATDLG.OBJ
D:\DOC\WIN32\SELF-PRACTICE\VIRTUANESSRC097\DEBUG\CHEATDLG.OBJ
D:\DOC\WIN32\SELF-PRACTICE\VIRTUANESSRC097\DEBUG\COM.OBJ
D:\DOC\WIN32\SELF-PRACTICE\VIRTUANESSRC097\DEBUG\CONFIG.OBJ
D:\DOC\WIN32\SELF-PRACTICE\VIRTUANESSRC097\DEBUG\CONTROLLERDLG.OBJ
D:\DOC\WIN32\SELF-PRACTICE\VIRTUANESSRC097\DEBUG\CPU.OBJ
D:\DOC\WIN32\SELF-PRACTICE\VIRTUANESSRC097\DEBUG\CRCLIB.OBJ
D:\DOC\WIN32\SELF-PRACTICE\VIRTUANESSRC097\DEBUG\DATACHBARCODEDLG.OBJ
D:\DOC\WIN32\SELF-PRACTICE\VIRTUANESSRC097\DEBUG\DEBUGOUT.OBJ
D:\DOC\WIN32\SELF-PRACTICE\VIRTUANESSRC097\DEBUG\DIPSWITCHDLG.OBJ
D:\DOC\WIN32\SELF-PRACTICE\VIRTUANESSRC097\DEBUG\DIRECTDRAW.OBJ
D:\DOC\WIN32\SELF-PRACTICE\VIRTUANESSRC097\DEBUG\DIRECTINPUT.OBJ
D:\DOC\WIN32\SELF-PRACTICE\VIRTUANESSRC097\DEBUG\DIRECTSOUND.OBJ
D:\DOC\WIN32\SELF-PRACTICE\VIRTUANESSRC097\DEBUG\EMU2413.OBJ
D:\DOC\WIN32\SELF-PRACTICE\VIRTUANESSRC097\DEBUG\EMULATORDLG.OBJ
D:\DOC\WIN32\SELF-PRACTICE\VIRTUANESSRC097\DEBUG\EMUTHREAD.OBJ
D:\DOC\WIN32\SELF-PRACTICE\VIRTUANESSRC097\DEBUG\FOLDERDLG.OBJ
D:\DOC\WIN32\SELF-PRACTICE\VIRTUANESSRC097\DEBUG\GAMEOPTIONDLG.OBJ
D:\DOC\WIN32\SELF-PRACTICE\VIRTUANESSRC097\DEBUG\GRAPHICSDLG.OBJ
D:\DOC\WIN32\SELF-PRACTICE\VIRTUANESSRC097\DEBUG\IPS.OBJ
D:\DOC\WIN32\SELF-PRACTICE\VIRTUANESSRC097\DEBUG\JOYAXISDLG.OBJ
D:\DOC\WIN32\SELF-PRACTICE\VIRTUANESSRC097\DEBUG\LANGUAGEDLG.OBJ
D:\DOC\WIN32\SELF-PRACTICE\VIRTUANESSRC097\DEBUG\LAUNCHERDLG.OBJ
D:\DOC\WIN32\SELF-PRACTICE\VIRTUANESSRC097\DEBUG\MAINFRAME.OBJ
D:\DOC\WIN32\SELF-PRACTICE\VIRTUANESSRC097\DEBUG\MAPPER.OBJ
D:\DOC\WIN32\SELF-PRACTICE\VIRTUANESSRC097\DEBUG\MAPPERFACTORY.OBJ
D:\DOC\WIN32\SELF-PRACTICE\VIRTUANESSRC097\DEBUG\MEMORYVIEW.OBJ
D:\DOC\WIN32\SELF-PRACTICE\VIRTUANESSRC097\DEBUG\MMTIMER.OBJ
D:\DOC\WIN32\SELF-PRACTICE\VIRTUANESSRC097\DEBUG\MMU.OBJ
D:\DOC\WIN32\SELF-PRACTICE\VIRTUANESSRC097\DEBUG\MOVIEDLG.OBJ
D:\DOC\WIN32\SELF-PRACTICE\VIRTUANESSRC097\DEBUG\MOVIEINFODLG.OBJ
D:\DOC\WIN32\SELF-PRACTICE\VIRTUANESSRC097\DEBUG\NAMETABLEVIEW.OBJ
D:\DOC\WIN32\SELF-PRACTICE\VIRTUANESSRC097\DEBUG\NES.OBJ
D:\DOC\WIN32\SELF-PRACTICE\VIRTUANESSRC097\DEBUG\NETPLAY.OBJ
D:\DOC\WIN32\SELF-PRACTICE\VIRTUANESSRC097\DEBUG\NETPLAYDLG.OBJ
D:\DOC\WIN32\SELF-PRACTICE\VIRTUANESSRC097\DEBUG\PAD.OBJ
D:\DOC\WIN32\SELF-PRACTICE\VIRTUANESSRC097\DEBUG\PALETTEEDIT.OBJ
D:\DOC\WIN32\SELF-PRACTICE\VIRTUANESSRC097\DEBUG\PALETTEVIEW.OBJ
D:\DOC\WIN32\SELF-PRACTICE\VIRTUANESSRC097\DEBUG\PATHLIB.OBJ
D:\DOC\WIN32\SELF-PRACTICE\VIRTUANESSRC097\DEBUG\PATTERNVIEW.OBJ
D:\DOC\WIN32\SELF-PRACTICE\VIRTUANESSRC097\DEBUG\PLUGIN.OBJ
D:\DOC\WIN32\SELF-PRACTICE\VIRTUANESSRC097\DEBUG\PPU.OBJ
D:\DOC\WIN32\SELF-PRACTICE\VIRTUANESSRC097\DEBUG\RECENT.OBJ
D:\DOC\WIN32\SELF-PRACTICE\VIRTUANESSRC097\DEBUG\REGISTRY.OBJ
D:\DOC\WIN32\SELF-PRACTICE\VIRTUANESSRC097\DEBUG\ROM.OBJ
D:\DOC\WIN32\SELF-PRACTICE\VIRTUANESSRC097\DEBUG\ROMDB.OBJ
D:\DOC\WIN32\SELF-PRACTICE\VIRTUANESSRC097\DEBUG\ROMINFODLG.OBJ
D:\DOC\WIN32\SELF-PRACTICE\VIRTUANESSRC097\DEBUG\SHORTCUTDLG.OBJ
D:\DOC\WIN32\SELF-PRACTICE\VIRTUANESSRC097\DEBUG\SIMPLEVIRUSCHECKER.OBJ
D:\DOC\WIN32\SELF-PRACTICE\VIRTUANESSRC097\DEBUG\SOUNDDLG.OBJ
D:\DOC\WIN32\SELF-PRACTICE\VIRTUANESSRC097\DEBUG\UNZIP.OBJ
D:\DOC\WIN32\SELF-PRACTICE\VIRTUANESSRC097\DEBUG\VC100.PDB
D:\DOC\WIN32\SELF-PRACTICE\VIRTUANESSRC097\DEBUG\VIRTUANES.EXE.EMBED.MANIFEST
D:\DOC\WIN32\SELF-PRACTICE\VIRTUANESSRC097\DEBUG\VIRTUANES.EXE.EMBED.MANIFEST.RES
D:\DOC\WIN32\SELF-PRACTICE\VIRTUANESSRC097\DEBUG\VIRTUANES.EXE.INTERMEDIATE.MANIFEST
D:\DOC\WIN32\SELF-PRACTICE\VIRTUANESSRC097\DEBUG\VIRTUANES.RES
D:\DOC\WIN32\SELF-PRACTICE\VIRTUANESSRC097\DEBUG\VSUNISYSTEM.OBJ
D:\DOC\WIN32\SELF-PRACTICE\VIRTUANESSRC097\DEBUG\WAVEREC.OBJ
D:\DOC\WIN32\SELF-PRACTICE\VIRTUANESSRC097\DEBUG\WINMAIN.OBJ
D:\DOC\WIN32\SELF-PRACTICE\VIRTUANESSRC097\DEBUG\WND.OBJ
D:\DOC\WIN32\SELF-PRACTICE\VIRTUANESSRC097\DEBUG\WNDHOOK.OBJ
D:\DOC\WIN32\SELF-PRACTICE\VIRTUANESSRC097\VIRTUANES.EXE
D:\DOC\WIN32\SELF-PRACTICE\VIRTUANESSRC097\VIRTUANES.ILK
D:\DOC\WIN32\SELF-PRACTICE\VIRTUANESSRC097\VIRTUANES.PDB
D:\doc\Win32\开源项目\virtuanessrc097_VS2010\.\VirtuaNES.exe
D:\doc\Win32\开源项目\virtuanessrc097_VS2010\Debug\AboutDlg.obj
D:\doc\Win32\开源项目\virtuanessrc097_VS2010\Debug\App.obj
D:\doc\Win32\开源项目\virtuanessrc097_VS2010\Debug\APU.obj
D:\doc\Win32\开源项目\virtuanessrc097_VS2010\Debug\APU_FDS.obj
D:\doc\Win32\开源项目\virtuanessrc097_VS2010\Debug\APU_FME7.obj
D:\doc\Win32\开源项目\virtuanessrc097_VS2010\Debug\APU_INTERNAL.obj
D:\doc\Win32\开源项目\virtuanessrc097_VS2010\Debug\APU_MMC5.obj
D:\doc\Win32\开源项目\virtuanessrc097_VS2010\Debug\APU_N106.obj
D:\doc\Win32\开源项目\virtuanessrc097_VS2010\Debug\APU_VRC6.obj
D:\doc\Win32\开源项目\virtuanessrc097_VS2010\Debug\APU_VRC7.obj
D:\doc\Win32\开源项目\virtuanessrc097_VS2010\Debug\Archive.obj
D:\doc\Win32\开源项目\virtuanessrc097_VS2010\Debug\AviConvDlg.obj
D:\doc\Win32\开源项目\virtuanessrc097_VS2010\Debug\AviWriter.obj
D:\doc\Win32\开源项目\virtuanessrc097_VS2010\Debug\ChatDlg.obj
D:\doc\Win32\开源项目\virtuanessrc097_VS2010\Debug\CheatDlg.obj
D:\doc\Win32\开源项目\virtuanessrc097_VS2010\Debug\cl.command.1.tlog
D:\doc\Win32\开源项目\virtuanessrc097_VS2010\Debug\CL.read.1.tlog
D:\doc\Win32\开源项目\virtuanessrc097_VS2010\Debug\CL.write.1.tlog
D:\doc\Win32\开源项目\virtuanessrc097_VS2010\Debug\Com.obj
D:\doc\Win32\开源项目\virtuanessrc097_VS2010\Debug\Config.obj
D:\doc\Win32\开源项目\virtuanessrc097_VS2010\Debug\ControllerDlg.obj
D:\doc\Win32\开源项目\virtuanessrc097_VS2010\Debug\Cpu.obj
D:\doc\Win32\开源项目\virtuanessrc097_VS2010\Debug\Crclib.obj
D:\doc\Win32\开源项目\virtuanessrc097_VS2010\Debug\DatachBarcodeDlg.obj
D:\doc\Win32\开源项目\virtuanessrc097_VS2010\Debug\DebugOut.obj
D:\doc\Win32\开源项目\virtuanessrc097_VS2010\Debug\DipSwitchDlg.obj
D:\doc\Win32\开源项目\virtuanessrc097_VS2010\Debug\DirectDraw.obj
D:\doc\Win32\开源项目\virtuanessrc097_VS2010\Debug\DirectInput.obj
D:\doc\Win32\开源项目\virtuanessrc097_VS2010\Debug\DirectSound.obj
D:\doc\Win32\开源项目\virtuanessrc097_VS2010\Debug\emu2413.obj
D:\doc\Win32\开源项目\virtuanessrc097_VS2010\Debug\EmulatorDlg.obj
D:\doc\Win32\开源项目\virtuanessrc097_VS2010\Debug\EmuThread.obj
D:\doc\Win32\开源项目\virtuanessrc097_VS2010\Debug\FolderDlg.obj
D:\doc\Win32\开源项目\virtuanessrc097_VS2010\Debug\GameOptionDlg.obj
D:\doc\Win32\开源项目\virtuanessrc097_VS2010\Debug\GraphicsDlg.obj
D:\doc\Win32\开源项目\virtuanessrc097_VS2010\Debug\IPS.obj
D:\doc\Win32\开源项目\virtuanessrc097_VS2010\Debug\JoyAxisDlg.obj
D:\doc\Win32\开源项目\virtuanessrc097_VS2010\Debug\LanguageDlg.obj
D:\doc\Win32\开源项目\virtuanessrc097_VS2010\Debug\LauncherDlg.obj
D:\doc\Win32\开源项目\virtuanessrc097_VS2010\Debug\link.command.1.tlog
D:\doc\Win32\开源项目\virtuanessrc097_VS2010\Debug\link.read.1.tlog
D:\doc\Win32\开源项目\virtuanessrc097_VS2010\Debug\link.write.1.tlog
D:\doc\Win32\开源项目\virtuanessrc097_VS2010\Debug\link-cvtres.read.1.tlog
D:\doc\Win32\开源项目\virtuanessrc097_VS2010\Debug\link-cvtres.write.1.tlog
D:\doc\Win32\开源项目\virtuanessrc097_VS2010\Debug\MainFrame.obj
D:\doc\Win32\开源项目\virtuanessrc097_VS2010\Debug\Mapper.obj
D:\doc\Win32\开源项目\virtuanessrc097_VS2010\Debug\MapperFactory.obj
D:\doc\Win32\开源项目\virtuanessrc097_VS2010\Debug\MemoryView.obj
D:\doc\Win32\开源项目\virtuanessrc097_VS2010\Debug\MMTimer.obj
D:\doc\Win32\开源项目\virtuanessrc097_VS2010\Debug\MMU.obj
D:\doc\Win32\开源项目\virtuanessrc097_VS2010\Debug\MovieDlg.obj
D:\doc\Win32\开源项目\virtuanessrc097_VS2010\Debug\MovieInfoDlg.obj
D:\doc\Win32\开源项目\virtuanessrc097_VS2010\Debug\mt.command.1.tlog
D:\doc\Win32\开源项目\virtuanessrc097_VS2010\Debug\mt.read.1.tlog
D:\doc\Win32\开源项目\virtuanessrc097_VS2010\Debug\mt.write.1.tlog
D:\doc\Win32\开源项目\virtuanessrc097_VS2010\Debug\NameTableView.obj
D:\doc\Win32\开源项目\virtuanessrc097_VS2010\Debug\Nes.obj
D:\doc\Win32\开源项目\virtuanessrc097_VS2010\Debug\NetPlay.obj
D:\doc\Win32\开源项目\virtuanessrc097_VS2010\Debug\NetPlayDlg.obj
D:\doc\Win32\开源项目\virtuanessrc097_VS2010\Debug\PAD.obj
D:\doc\Win32\开源项目\virtuanessrc097_VS2010\Debug\PaletteEdit.obj
D:\doc\Win32\开源项目\virtuanessrc097_VS2010\Debug\PaletteView.obj
D:\doc\Win32\开源项目\virtuanessrc097_VS2010\Debug\Pathlib.obj
D:\doc\Win32\开源项目\virtuanessrc097_VS2010\Debug\PatternView.obj
D:\doc\Win32\开源项目\virtuanessrc097_VS2010\Debug\Plugin.obj
D:\doc\Win32\开源项目\virtuanessrc097_VS2010\Debug\PPU.obj
D:\doc\Win32\开源项目\virtuanessrc097_VS2010\Debug\rc.command.1.tlog
D:\doc\Win32\开源项目\virtuanessrc097_VS2010\Debug\rc.read.1.tlog
D:\doc\Win32\开源项目\virtuanessrc097_VS2010\Debug\rc.write.1.tlog
D:\doc\Win32\开源项目\virtuanessrc097_VS2010\Debug\Recent.obj
D:\doc\Win32\开源项目\virtuanessrc097_VS2010\Debug\Registry.obj
D:\doc\Win32\开源项目\virtuanessrc097_VS2010\Debug\ROM.obj
D:\doc\Win32\开源项目\virtuanessrc097_VS2010\Debug\ROMDB.obj
D:\doc\Win32\开源项目\virtuanessrc097_VS2010\Debug\RomInfoDlg.obj
D:\doc\Win32\开源项目\virtuanessrc097_VS2010\Debug\ShortcutDlg.obj
D:\doc\Win32\开源项目\virtuanessrc097_VS2010\Debug\SimpleVirusChecker.obj
D:\doc\Win32\开源项目\virtuanessrc097_VS2010\Debug\SoundDlg.obj
D:\doc\Win32\开源项目\virtuanessrc097_VS2010\Debug\unzip.obj
D:\doc\Win32\开源项目\virtuanessrc097_VS2010\Debug\vc100.idb
D:\doc\Win32\开源项目\virtuanessrc097_VS2010\Debug\vc100.pdb
D:\doc\Win32\开源项目\virtuanessrc097_VS2010\Debug\VirtuaNES.exe.embed.manifest
D:\doc\Win32\开源项目\virtuanessrc097_VS2010\Debug\VirtuaNES.exe.embed.manifest.res
D:\doc\Win32\开源项目\virtuanessrc097_VS2010\Debug\VirtuaNES.exe.intermediate.manifest
D:\doc\Win32\开源项目\virtuanessrc097_VS2010\Debug\VirtuaNES.res
D:\doc\Win32\开源项目\virtuanessrc097_VS2010\Debug\VirtuaNES.vcxprojResolveAssemblyReference.cache
D:\doc\Win32\开源项目\virtuanessrc097_VS2010\Debug\VirtuaNES.write.1.tlog
D:\doc\Win32\开源项目\virtuanessrc097_VS2010\Debug\VirtuaNES_manifest.rc
D:\doc\Win32\开源项目\virtuanessrc097_VS2010\Debug\VsUnisystem.obj
D:\doc\Win32\开源项目\virtuanessrc097_VS2010\Debug\WaveRec.obj
D:\doc\Win32\开源项目\virtuanessrc097_VS2010\Debug\WinMain.obj
D:\doc\Win32\开源项目\virtuanessrc097_VS2010\Debug\Wnd.obj
D:\doc\Win32\开源项目\virtuanessrc097_VS2010\Debug\WndHook.obj
